This is pdfTeX, Version 3.14159265-2.6-1.40.19 (MiKTeX 2.9.6840 64-bit) (preloaded format=pdflatex 2018.10.17)  18 OCT 2018 00:26
entering extended mode
**./lab1.tex
(lab1.tex
LaTeX2e <2018-04-01> patch level 5
("C:\Users\Damian\AppData\Local\Programs\MiKTeX 2.9\tex\latex\base\article.cls"
Document Class: article 2014/09/29 v1.4h Standard LaTeX document class
("C:\Users\Damian\AppData\Local\Programs\MiKTeX 2.9\tex\latex\base\size11.clo"
File: size11.clo 2014/09/29 v1.4h Standard LaTeX file (size option)
)
\c@part=\count80
\c@section=\count81
\c@subsection=\count82
\c@subsubsection=\count83
\c@paragraph=\count84
\c@subparagraph=\count85
\c@figure=\count86
\c@table=\count87
\abovecaptionskip=\skip41
\belowcaptionskip=\skip42
\bibindent=\dimen102
)
("C:\Users\Damian\AppData\Local\Programs\MiKTeX 2.9\tex\latex\polski\polski.sty
"
Package: polski 2017/05/04 v1.3.4 Polish language package

   Switching to Polish text encoding and Polish maths fonts.
("C:\Users\Damian\AppData\Local\Programs\MiKTeX 2.9\tex\latex\base\ot4enc.def"
File: ot4enc.def 2017/04/05 v2.0i Standard LaTeX file
Now handling font encoding OT4 ...
... no UTF-8 mapping file for font encoding OT4
)
LaTeX Font Info:    Try loading font information for OT4+cmr on input line 360.

("C:\Users\Damian\AppData\Local\Programs\MiKTeX 2.9\tex\latex\polski\ot4cmr.fd"
File: ot4cmr.fd 2008/02/24 v1.2.1 Font defs for fonts PL (MW)
)
LaTeX Font Info:    Overwriting math alphabet `\mathbf' in version `normal'
(Font)                  OT1/cmr/bx/n --> OT4/cmr/bx/n on input line 360.
LaTeX Font Info:    Overwriting math alphabet `\mathsf' in version `normal'
(Font)                  OT1/cmss/m/n --> OT4/cmss/m/n on input line 360.
LaTeX Font Info:    Overwriting math alphabet `\mathit' in version `normal'
(Font)                  OT1/cmr/m/it --> OT4/cmr/m/it on input line 360.
LaTeX Font Info:    Overwriting math alphabet `\mathtt' in version `normal'
(Font)                  OT1/cmtt/m/n --> OT4/cmtt/m/n on input line 360.
LaTeX Font Info:    Overwriting math alphabet `\mathsf' in version `bold'
(Font)                  OT1/cmss/bx/n --> OT4/cmss/bx/n on input line 360.
LaTeX Font Info:    Overwriting math alphabet `\mathit' in version `bold'
(Font)                  OT1/cmr/bx/it --> OT4/cmr/bx/it on input line 360.
LaTeX Font Info:    Encoding `OT1' has changed to `OT4' for symbol font
(Font)              `operators' in the math version `normal' on input line 360.

LaTeX Font Info:    Overwriting symbol font `operators' in version `normal'
(Font)                  OT1/cmr/m/n --> OT4/cmr/m/n on input line 360.
LaTeX Font Info:    Overwriting symbol font `letters' in version `normal'
(Font)                  OML/cmm/m/it --> OML/plm/m/it on input line 360.
LaTeX Font Info:    Overwriting symbol font `symbols' in version `normal'
(Font)                  OMS/cmsy/m/n --> OMS/plsy/m/n on input line 360.
LaTeX Font Info:    Overwriting symbol font `largesymbols' in version `normal'
(Font)                  OMX/cmex/m/n --> OMX/plex/m/n on input line 360.
LaTeX Font Info:    Encoding `OT1' has changed to `OT4' for symbol font
(Font)              `operators' in the math version `bold' on input line 360.
LaTeX Font Info:    Overwriting symbol font `operators' in version `bold'
(Font)                  OT1/cmr/bx/n --> OT4/cmr/bx/n on input line 360.
LaTeX Font Info:    Overwriting symbol font `letters' in version `bold'
(Font)                  OML/cmm/b/it --> OML/plm/b/it on input line 360.
LaTeX Font Info:    Overwriting symbol font `symbols' in version `bold'
(Font)                  OMS/cmsy/b/n --> OMS/plsy/b/n on input line 360.
)
("C:\Users\Damian\AppData\Local\Programs\MiKTeX 2.9\tex\latex\base\inputenc.sty
"
Package: inputenc 2018/04/06 v1.3b Input encoding file
\inpenc@prehook=\toks14
\inpenc@posthook=\toks15
)
("C:\Users\Damian\AppData\Local\Programs\MiKTeX 2.9\tex\latex\xcolor\xcolor.sty
"
Package: xcolor 2016/05/11 v2.12 LaTeX color extensions (UK)

("C:\Users\Damian\AppData\Local\Programs\MiKTeX 2.9\tex\latex\graphics-cfg\colo
r.cfg"
File: color.cfg 2016/01/02 v1.6 sample color configuration
)
Package xcolor Info: Driver file: pdftex.def on input line 225.

("C:\Users\Damian\AppData\Local\Programs\MiKTeX 2.9\tex\latex\graphics-def\pdft
ex.def"
File: pdftex.def 2018/01/08 v1.0l Graphics/color driver for pdftex
)
Package xcolor Info: Model `cmy' substituted by `cmy0' on input line 1348.
Package xcolor Info: Model `hsb' substituted by `rgb' on input line 1352.
Package xcolor Info: Model `RGB' extended on input line 1364.
Package xcolor Info: Model `HTML' substituted by `rgb' on input line 1366.
Package xcolor Info: Model `Hsb' substituted by `hsb' on input line 1367.
Package xcolor Info: Model `tHsb' substituted by `hsb' on input line 1368.
Package xcolor Info: Model `HSB' substituted by `hsb' on input line 1369.
Package xcolor Info: Model `Gray' substituted by `gray' on input line 1370.
Package xcolor Info: Model `wave' substituted by `hsb' on input line 1371.

("C:\Users\Damian\AppData\Local\Programs\MiKTeX 2.9\tex\latex\graphics\dvipsnam
.def"
File: dvipsnam.def 2016/06/17 v3.0m Driver-dependent file (DPC,SPQR)
)) (lab1.aux)
\openout1 = `lab1.aux'.

LaTeX Font Info:    Checking defaults for OML/cmm/m/it on input line 9.
LaTeX Font Info:    ... okay on input line 9.
LaTeX Font Info:    Checking defaults for T1/cmr/m/n on input line 9.
LaTeX Font Info:    ... okay on input line 9.
LaTeX Font Info:    Checking defaults for OT1/cmr/m/n on input line 9.
LaTeX Font Info:    ... okay on input line 9.
LaTeX Font Info:    Checking defaults for OMS/cmsy/m/n on input line 9.
LaTeX Font Info:    ... okay on input line 9.
LaTeX Font Info:    Checking defaults for OMX/cmex/m/n on input line 9.
LaTeX Font Info:    ... okay on input line 9.
LaTeX Font Info:    Checking defaults for U/cmr/m/n on input line 9.
LaTeX Font Info:    ... okay on input line 9.
LaTeX Font Info:    Checking defaults for OT4/cmr/m/n on input line 9.
LaTeX Font Info:    ... okay on input line 9.

("C:\Users\Damian\AppData\Local\Programs\MiKTeX 2.9\tex\context\base\supp-pdf.m
kii"
[Loading MPS to PDF converter (version 2006.09.02).]
\scratchcounter=\count88
\scratchdimen=\dimen103
\scratchbox=\box26
\nofMPsegments=\count89
\nofMParguments=\count90
\everyMPshowfont=\toks16
\MPscratchCnt=\count91
\MPscratchDim=\dimen104
\MPnumerator=\count92
\makeMPintoPDFobject=\count93
\everyMPtoPDFconversion=\toks17
)
LaTeX Font Info:    Try loading font information for OML+plm on input line 10.
 ("C:\Users\Damian\AppData\Local\Programs\MiKTeX 2.9\tex\latex\polski\omlplm.fd
"
File: omlplm.fd 2008/02/24 v1.2.1 Font defs for fonts PL (MW)
)
LaTeX Font Info:    Try loading font information for OMS+plsy on input line 10.


("C:\Users\Damian\AppData\Local\Programs\MiKTeX 2.9\tex\latex\polski\omsplsy.fd
"
File: omsplsy.fd 2008/02/24 v1.2.1 Font defs for fonts PL (MW)
)
LaTeX Font Info:    Try loading font information for OMX+plex on input line 10.


("C:\Users\Damian\AppData\Local\Programs\MiKTeX 2.9\tex\latex\polski\omxplex.fd
"
File: omxplex.fd 2008/02/24 v1.2.1 Font defs for fonts PL (MW)
)
LaTeX Font Info:    External font `plex10' loaded for size
(Font)              <12> on input line 10.
LaTeX Font Info:    External font `plex10' loaded for size
(Font)              <8> on input line 10.
LaTeX Font Info:    External font `plex10' loaded for size
(Font)              <6> on input line 10.

Overfull \hbox (91.20139pt too wide) in paragraph at lines 12--13
\OT4/cmr/m/n/10.95 men-tów tek-sto-wych i tekstowo-graficznych(np.broszur,artyk
uªów,ksi¡»ek,plakatów,prezentacji,a
 []

LaTeX Font Info:    Try loading font information for OT4+cmtt on input line 20.

("C:\Users\Damian\AppData\Local\Programs\MiKTeX 2.9\tex\latex\polski\ot4cmtt.fd
"
File: ot4cmtt.fd 2008/02/24 v1.2.1 Font defs for fonts PL (MW)
)
Underfull \hbox (badness 10000) in paragraph at lines 14--32

 []


Underfull \hbox (badness 10000) in paragraph at lines 14--32

 []


Underfull \hbox (badness 10000) in paragraph at lines 14--32

 []


Underfull \hbox (badness 10000) in paragraph at lines 14--32

 []


Underfull \hbox (badness 10000) in paragraph at lines 33--39

 []


Underfull \hbox (badness 10000) in paragraph at lines 33--39

 []

[1

{C:/Users/Damian/AppData/Local/MiKTeX/2.9/pdftex/config/pdftex.map}]
Overfull \hbox (28.69376pt too wide) in paragraph at lines 40--42
\OT4/cmr/m/n/10.95 W tej cz¦-±ci przed-sta-wi¦ ró»-ne ro-dza-je ta-bel m.in.jed
nowymiarow¡,dwuwymiarow¡
 []


Underfull \hbox (badness 10000) in paragraph at lines 40--42

 []

LaTeX Font Info:    External font `plex10' loaded for size
(Font)              <10.95> on input line 43.

Underfull \hbox (badness 10000) in paragraph at lines 48--49

 []


Underfull \hbox (badness 10000) in paragraph at lines 59--60

 []

[2] [3] (lab1.aux) ) 
Here is how much of TeX's memory you used:
 1509 strings out of 492970
 19880 string characters out of 3126149
 91453 words of memory out of 3000000
 5401 multiletter control sequences out of 15000+200000
 14664 words of font info for 40 fonts, out of 3000000 for 9000
 1141 hyphenation exceptions out of 8191
 23i,6n,35p,377b,196s stack positions out of 5000i,500n,10000p,200000b,50000s
{C:/Users/Damian/AppData/Local/Programs/MiKTeX 2.9/fonts/en
c/dvips/pl/plrm.enc}{C:/Users/Damian/AppData/Local/Programs/MiKTeX 2.9/fonts/en
c/dvips/pl/pltt.enc}{C:/Users/Damian/AppData/Local/Programs/MiKTeX 2.9/fonts/en
c/dvips/pl/plsc.enc}{C:/Users/Damian/AppData/Local/Programs/MiKTeX 2.9/fonts/en
c/dvips/pl/plit.enc}<C:/Users/Damian/AppData/Local/Programs/MiKTeX 2.9/fonts/ty
pe1/public/pl/plbx10.pfb><C:/Users/Damian/AppData/Local/Programs/MiKTeX 2.9/fon
ts/type1/public/pl/plbx12.pfb><C:/Users/Damian/AppData/Local/Programs/MiKTeX 2.
9/fonts/type1/public/pl/plcsc10.pfb><C:/Users/Damian/AppData/Local/Programs/MiK
TeX 2.9/fonts/type1/public/pl/plr10.pfb><C:/Users/Damian/AppData/Local/Programs
/MiKTeX 2.9/fonts/type1/public/pl/plr12.pfb><C:/Users/Damian/AppData/Local/Prog
rams/MiKTeX 2.9/fonts/type1/public/pl/plr17.pfb><C:/Users/Damian/AppData/Local/
Programs/MiKTeX 2.9/fonts/type1/public/pl/plr6.pfb><C:/Users/Damian/AppData/Loc
al/Programs/MiKTeX 2.9/fonts/type1/public/pl/plr8.pfb><C:/Users/Damian/AppData/
Local/Programs/MiKTeX 2.9/fonts/type1/public/pl/plr9.pfb><C:/Users/Damian/AppDa
ta/Local/Programs/MiKTeX 2.9/fonts/type1/public/pl/plsl10.pfb><C:/Users/Damian/
AppData/Local/Programs/MiKTeX 2.9/fonts/type1/public/pl/plti10.pfb><C:/Users/Da
mian/AppData/Local/Programs/MiKTeX 2.9/fonts/type1/public/pl/pltt10.pfb>
Output written on lab1.pdf (3 pages, 96281 bytes).
PDF statistics:
 64 PDF objects out of 1000 (max. 8388607)
 0 named destinations out of 1000 (max. 500000)
 1 words of extra memory for PDF output out of 10000 (max. 10000000)

